-------------------------------------------------------------------------------
Test set: com.sg.capstone.data.UsersRepositoryTest
-------------------------------------------------------------------------------
Tests run: 1, Failures: 1, Errors: 0, Skipped: 0, Time elapsed: 0.001 s <<< FAILURE! - in com.sg.capstone.data.UsersRepositoryTest
testSomeMethod(com.sg.capstone.data.UsersRepositoryTest)  Time elapsed: 0 s  <<< FAILURE!
java.lang.AssertionError
	at com.sg.capstone.data.UsersRepositoryTest.testSomeMethod(UsersRepositoryTest.java:35)

