-------------------------------------------------------------------------------
Test set: com.sg.capstone.data.AppointmentsRepositoryTest
-------------------------------------------------------------------------------
Tests run: 1, Failures: 1, Errors: 0, Skipped: 0, Time elapsed: 9.225 s <<< FAILURE! - in com.sg.capstone.data.AppointmentsRepositoryTest
testSomeMethod(com.sg.capstone.data.AppointmentsRepositoryTest)  Time elapsed: 0.558 s  <<< FAILURE!
java.lang.AssertionError
	at com.sg.capstone.data.AppointmentsRepositoryTest.testSomeMethod(AppointmentsRepositoryTest.java:35)

